{"level":"info","time":"2025-03-06T20:52:51.492+0800","caller":"middleware/Logger.go:72","msg":"日志系统初始化成功"}
{"level":"debug","time":"2025-03-06T20:52:51.493+0800","caller":"middleware/Logger.go:73","msg":"这是一条调试日志"}
{"level":"warn","time":"2025-03-06T20:52:51.493+0800","caller":"middleware/Logger.go:74","msg":"这是一条警告日志"}
{"level":"info","time":"2025-03-06T21:05:26.942+0800","caller":"middleware/logger.go:73","msg":"日志系统初始化成功"}
{"level":"debug","time":"2025-03-06T21:05:26.942+0800","caller":"middleware/logger.go:74","msg":"这是一条调试日志"}
{"level":"warn","time":"2025-03-06T21:05:26.942+0800","caller":"middleware/logger.go:75","msg":"这是一条警告日志"}
{"level":"debug","time":"2025-03-06T21:05:28.026+0800","caller":"middleware/cors.go:23","msg":"CORS中间件","method":"GET","path":"/","origin":"http://localhost:8080"}
{"level":"debug","time":"2025-03-06T21:05:30.502+0800","caller":"middleware/cors.go:23","msg":"CORS中间件","method":"GET","path":"/","origin":"http://localhost:8080"}
{"level":"debug","time":"2025-03-06T21:05:43.518+0800","caller":"middleware/cors.go:23","msg":"CORS中间件","method":"POST","path":"/api/login","origin":""}
{"level":"info","time":"2025-03-06T21:05:43.519+0800","caller":"service/user_service.go:24","msg":"用户尝试登录","username":"admin"}
{"level":"info","time":"2025-03-06T21:05:43.587+0800","caller":"middleware/jwt.go:48","msg":"生成token成功","userID":1,"username":"admin"}
{"level":"info","time":"2025-03-06T21:05:43.587+0800","caller":"service/user_service.go:51","msg":"用户登录成功","username":"admin","role":"admin"}
{"level":"info","time":"2025-03-06T21:05:43.587+0800","caller":"api/user_handler.go:30","msg":"登录成功","username":"admin"}
{"level":"info","time":"2025-03-06T21:21:10.910+0800","caller":"middleware/logger.go:73","msg":"日志系统初始化成功"}
{"level":"debug","time":"2025-03-06T21:21:10.910+0800","caller":"middleware/logger.go:74","msg":"这是一条调试日志"}
{"level":"warn","time":"2025-03-06T21:21:10.910+0800","caller":"middleware/logger.go:75","msg":"这是一条警告日志"}
{"level":"debug","time":"2025-03-06T21:21:11.221+0800","caller":"middleware/cors.go:26","msg":"CORS中间件","method":"GET","path":"/","origin":"http://localhost:8080"}
{"level":"debug","time":"2025-03-06T21:21:35.906+0800","caller":"middleware/cors.go:26","msg":"CORS中间件","method":"GET","path":"/c/ad1db933-dae2-415b-bb0c-72fa1176d7f0","origin":""}
{"level":"debug","time":"2025-03-06T21:21:36.311+0800","caller":"middleware/cors.go:26","msg":"CORS中间件","method":"GET","path":"/favicon.ico","origin":"http://127.0.0.1"}
{"level":"debug","time":"2025-03-06T21:21:40.692+0800","caller":"middleware/cors.go:26","msg":"CORS中间件","method":"GET","path":"/swagger/","origin":""}
{"level":"debug","time":"2025-03-06T21:21:45.610+0800","caller":"middleware/cors.go:26","msg":"CORS中间件","method":"GET","path":"/swagger/index.html","origin":""}
{"level":"debug","time":"2025-03-06T21:21:45.624+0800","caller":"middleware/cors.go:26","msg":"CORS中间件","method":"GET","path":"/swagger/swagger-ui-standalone-preset.js","origin":"http://127.0.0.1"}
{"level":"debug","time":"2025-03-06T21:21:45.624+0800","caller":"middleware/cors.go:26","msg":"CORS中间件","method":"GET","path":"/swagger/swagger-ui.css","origin":"http://127.0.0.1"}
{"level":"debug","time":"2025-03-06T21:21:45.624+0800","caller":"middleware/cors.go:26","msg":"CORS中间件","method":"GET","path":"/swagger/swagger-ui-bundle.js","origin":"http://127.0.0.1"}
{"level":"debug","time":"2025-03-06T21:21:45.831+0800","caller":"middleware/cors.go:26","msg":"CORS中间件","method":"GET","path":"/swagger/doc.json","origin":"http://127.0.0.1"}
{"level":"debug","time":"2025-03-06T21:21:45.838+0800","caller":"middleware/cors.go:26","msg":"CORS中间件","method":"GET","path":"/swagger/favicon-32x32.png","origin":"http://127.0.0.1"}
{"level":"debug","time":"2025-03-06T21:32:50.472+0800","caller":"middleware/cors.go:26","msg":"CORS中间件","method":"POST","path":"/api/login","origin":""}
{"level":"debug","time":"2025-03-06T21:33:14.074+0800","caller":"middleware/cors.go:26","msg":"CORS中间件","method":"POST","path":"/api/login","origin":""}
{"level":"info","time":"2025-03-06T21:33:52.765+0800","caller":"server/main.go:87","msg":"正在关闭服务器..."}
{"level":"info","time":"2025-03-06T21:33:52.765+0800","caller":"server/main.go:108","msg":"服务器已优雅关闭"}
{"level":"info","time":"2025-03-06T21:33:55.881+0800","caller":"middleware/logger.go:73","msg":"日志系统初始化成功"}
{"level":"debug","time":"2025-03-06T21:33:55.881+0800","caller":"middleware/logger.go:74","msg":"这是一条调试日志"}
{"level":"warn","time":"2025-03-06T21:33:55.881+0800","caller":"middleware/logger.go:75","msg":"这是一条警告日志"}
{"level":"debug","time":"2025-03-06T21:33:56.164+0800","caller":"middleware/cors.go:26","msg":"CORS中间件","method":"GET","path":"/","origin":"http://localhost:8080"}
{"level":"debug","time":"2025-03-06T21:34:15.946+0800","caller":"middleware/cors.go:26","msg":"CORS中间件","method":"POST","path":"/api/login","origin":""}
{"level":"info","time":"2025-03-06T21:35:28.730+0800","caller":"server/main.go:96","msg":"正在关闭服务器..."}
{"level":"info","time":"2025-03-06T21:35:28.732+0800","caller":"server/main.go:117","msg":"服务器已优雅关闭"}
{"level":"info","time":"2025-03-06T21:35:30.886+0800","caller":"middleware/logger.go:73","msg":"日志系统初始化成功"}
{"level":"debug","time":"2025-03-06T21:35:30.887+0800","caller":"middleware/logger.go:74","msg":"这是一条调试日志"}
{"level":"warn","time":"2025-03-06T21:35:30.887+0800","caller":"middleware/logger.go:75","msg":"这是一条警告日志"}
{"level":"debug","time":"2025-03-06T21:35:31.657+0800","caller":"middleware/cors.go:26","msg":"CORS中间件","method":"GET","path":"/","origin":"http://localhost:8080"}
{"level":"debug","time":"2025-03-06T21:35:41.791+0800","caller":"middleware/cors.go:26","msg":"CORS中间件","method":"POST","path":"/api/login","origin":""}
{"level":"info","time":"2025-03-06T21:35:41.792+0800","caller":"service/user_service.go:36","msg":"用户尝试登录","username":"admin"}
{"level":"info","time":"2025-03-06T21:35:41.868+0800","caller":"middleware/jwt.go:48","msg":"生成token成功","userID":1,"username":"admin"}
{"level":"info","time":"2025-03-06T21:35:41.868+0800","caller":"service/user_service.go:63","msg":"用户登录成功","username":"admin","role":"admin"}
{"level":"info","time":"2025-03-06T21:35:41.868+0800","caller":"api/user_handler.go:32","msg":"登录成功","username":"admin"}
{"level":"debug","time":"2025-03-06T21:36:04.184+0800","caller":"middleware/cors.go:26","msg":"CORS中间件","method":"POST","path":"/api/users","origin":""}
{"level":"error","time":"2025-03-06T21:36:04.184+0800","caller":"middleware/jwt.go:80","msg":"token解析失败","error":"token is malformed: token contains an invalid number of segments","token":"YOUR_TOKEN_HERE"}
{"level":"debug","time":"2025-03-06T21:36:15.960+0800","caller":"middleware/cors.go:26","msg":"CORS中间件","method":"POST","path":"/api/users","origin":""}
{"level":"debug","time":"2025-03-06T21:36:15.960+0800","caller":"middleware/jwt.go:88","msg":"token验证成功","userID":1,"username":"admin","role":"admin"}
{"level":"debug","time":"2025-03-06T21:36:15.961+0800","caller":"middleware/casbin.go:42","msg":"权限检查","role":"admin","path":"/api/users","method":"POST"}
{"level":"debug","time":"2025-03-06T21:36:15.961+0800","caller":"middleware/casbin.go:67","msg":"权限检查通过","role":"admin","path":"/api/users","method":"POST"}
{"level":"debug","time":"2025-03-06T21:36:29.682+0800","caller":"middleware/cors.go:26","msg":"CORS中间件","method":"GET","path":"/api/users","origin":""}
{"level":"error","time":"2025-03-06T21:36:29.682+0800","caller":"middleware/jwt.go:80","msg":"token解析失败","error":"token is malformed: token contains an invalid number of segments","token":"YOUR_TOKEN_HERE"}
{"level":"debug","time":"2025-03-06T21:36:35.186+0800","caller":"middleware/cors.go:26","msg":"CORS中间件","method":"GET","path":"/api/users","origin":""}
{"level":"debug","time":"2025-03-06T21:36:35.186+0800","caller":"middleware/jwt.go:88","msg":"token验证成功","userID":1,"username":"admin","role":"admin"}
{"level":"debug","time":"2025-03-06T21:36:35.186+0800","caller":"middleware/casbin.go:42","msg":"权限检查","role":"admin","path":"/api/users","method":"GET"}
{"level":"debug","time":"2025-03-06T21:36:35.186+0800","caller":"middleware/casbin.go:67","msg":"权限检查通过","role":"admin","path":"/api/users","method":"GET"}
{"level":"debug","time":"2025-03-06T21:36:46.241+0800","caller":"middleware/cors.go:26","msg":"CORS中间件","method":"GET","path":"/api/users/1","origin":""}
{"level":"error","time":"2025-03-06T21:36:46.241+0800","caller":"middleware/jwt.go:80","msg":"token解析失败","error":"token is malformed: token contains an invalid number of segments","token":"YOUR_TOKEN_HERE"}
{"level":"debug","time":"2025-03-06T21:36:51.626+0800","caller":"middleware/cors.go:26","msg":"CORS中间件","method":"GET","path":"/api/users/1","origin":""}
{"level":"debug","time":"2025-03-06T21:36:51.627+0800","caller":"middleware/jwt.go:88","msg":"token验证成功","userID":1,"username":"admin","role":"admin"}
{"level":"debug","time":"2025-03-06T21:36:51.627+0800","caller":"middleware/casbin.go:42","msg":"权限检查","role":"admin","path":"/api/users/1","method":"GET"}
{"level":"debug","time":"2025-03-06T21:36:51.627+0800","caller":"middleware/casbin.go:67","msg":"权限检查通过","role":"admin","path":"/api/users/1","method":"GET"}
{"level":"debug","time":"2025-03-06T21:36:57.553+0800","caller":"middleware/cors.go:26","msg":"CORS中间件","method":"PUT","path":"/api/users/1","origin":""}
{"level":"error","time":"2025-03-06T21:36:57.553+0800","caller":"middleware/jwt.go:80","msg":"token解析失败","error":"token is malformed: token contains an invalid number of segments","token":"YOUR_TOKEN_HERE"}
{"level":"debug","time":"2025-03-06T21:37:38.990+0800","caller":"middleware/cors.go:26","msg":"CORS中间件","method":"PUT","path":"/api/users/1","origin":""}
{"level":"debug","time":"2025-03-06T21:37:38.990+0800","caller":"middleware/jwt.go:88","msg":"token验证成功","userID":1,"username":"admin","role":"admin"}
{"level":"debug","time":"2025-03-06T21:37:38.990+0800","caller":"middleware/casbin.go:42","msg":"权限检查","role":"admin","path":"/api/users/1","method":"PUT"}
{"level":"debug","time":"2025-03-06T21:37:38.990+0800","caller":"middleware/casbin.go:67","msg":"权限检查通过","role":"admin","path":"/api/users/1","method":"PUT"}
{"level":"debug","time":"2025-03-06T21:37:54.730+0800","caller":"middleware/cors.go:26","msg":"CORS中间件","method":"PUT","path":"/api/users/1","origin":""}
{"level":"debug","time":"2025-03-06T21:37:54.731+0800","caller":"middleware/jwt.go:88","msg":"token验证成功","userID":1,"username":"admin","role":"admin"}
{"level":"debug","time":"2025-03-06T21:37:54.731+0800","caller":"middleware/casbin.go:42","msg":"权限检查","role":"admin","path":"/api/users/1","method":"PUT"}
{"level":"debug","time":"2025-03-06T21:37:54.731+0800","caller":"middleware/casbin.go:67","msg":"权限检查通过","role":"admin","path":"/api/users/1","method":"PUT"}
{"level":"debug","time":"2025-03-06T21:37:59.327+0800","caller":"middleware/cors.go:26","msg":"CORS中间件","method":"DELETE","path":"/api/users/1","origin":""}
{"level":"error","time":"2025-03-06T21:37:59.327+0800","caller":"middleware/jwt.go:80","msg":"token解析失败","error":"token is malformed: token contains an invalid number of segments","token":"YOUR_TOKEN_HERE"}
{"level":"debug","time":"2025-03-06T21:38:26.574+0800","caller":"middleware/cors.go:26","msg":"CORS中间件","method":"DELETE","path":"/api/users/1","origin":""}
{"level":"error","time":"2025-03-06T21:38:26.574+0800","caller":"middleware/jwt.go:80","msg":"token解析失败","error":"token is malformed: token contains an invalid number of segments","token":"YOUR_TOKEN_HERE"}
{"level":"debug","time":"2025-03-06T21:38:39.144+0800","caller":"middleware/cors.go:26","msg":"CORS中间件","method":"DELETE","path":"/api/users/2","origin":""}
{"level":"warn","time":"2025-03-06T21:38:39.145+0800","caller":"middleware/jwt.go:64","msg":"无效的token格式","token":"eyJhbGciOiJIUzI1NiIsInR5cCI6IkpXVCJ9.eyJ1c2VyX2lkIjoxLCJ1c2VybmFtZSI6ImFkbWluIiwicm9sZSI6ImFkbWluIiwiZXhwIjoxNzQxMzU0NTQxLCJuYmYiOjE3NDEyNjgxNDEsImlhdCI6MTc0MTI2ODE0MX0.mMzrTEKrcdsoefSMZr3itxfRkZxmnjTTEFMErR_P0fY"}
{"level":"debug","time":"2025-03-06T21:38:54.867+0800","caller":"middleware/cors.go:26","msg":"CORS中间件","method":"POST","path":"/api/login","origin":""}
{"level":"info","time":"2025-03-06T21:38:54.867+0800","caller":"service/user_service.go:36","msg":"用户尝试登录","username":"admin"}
{"level":"warn","time":"2025-03-06T21:38:54.936+0800","caller":"service/user_service.go:49","msg":"密码错误","username":"admin"}
{"level":"error","time":"2025-03-06T21:38:54.936+0800","caller":"api/user_handler.go:25","msg":"登录失败","username":"admin","error":"密码错误"}
{"level":"debug","time":"2025-03-06T21:39:08.138+0800","caller":"middleware/cors.go:26","msg":"CORS中间件","method":"POST","path":"/api/login","origin":""}
{"level":"info","time":"2025-03-06T21:39:08.138+0800","caller":"service/user_service.go:36","msg":"用户尝试登录","username":"admin"}
{"level":"info","time":"2025-03-06T21:39:08.214+0800","caller":"middleware/jwt.go:48","msg":"生成token成功","userID":1,"username":"admin"}
{"level":"info","time":"2025-03-06T21:39:08.214+0800","caller":"service/user_service.go:63","msg":"用户登录成功","username":"admin","role":"admin"}
{"level":"info","time":"2025-03-06T21:39:08.214+0800","caller":"api/user_handler.go:32","msg":"登录成功","username":"admin"}
{"level":"debug","time":"2025-03-06T21:39:21.956+0800","caller":"middleware/cors.go:26","msg":"CORS中间件","method":"DELETE","path":"/api/users/1","origin":""}
{"level":"error","time":"2025-03-06T21:39:21.957+0800","caller":"middleware/jwt.go:80","msg":"token解析失败","error":"token is malformed: token contains an invalid number of segments","token":"YOUR_TOKEN_HERE"}
{"level":"debug","time":"2025-03-06T21:39:33.543+0800","caller":"middleware/cors.go:26","msg":"CORS中间件","method":"DELETE","path":"/api/users/2","origin":""}
{"level":"debug","time":"2025-03-06T21:39:33.543+0800","caller":"middleware/jwt.go:88","msg":"token验证成功","userID":1,"username":"admin","role":"admin"}
{"level":"debug","time":"2025-03-06T21:39:33.543+0800","caller":"middleware/casbin.go:42","msg":"权限检查","role":"admin","path":"/api/users/2","method":"DELETE"}
{"level":"debug","time":"2025-03-06T21:39:33.543+0800","caller":"middleware/casbin.go:67","msg":"权限检查通过","role":"admin","path":"/api/users/2","method":"DELETE"}
{"level":"info","time":"2025-03-06T21:54:35.970+0800","caller":"server/main.go:102","msg":"正在关闭服务器..."}
{"level":"info","time":"2025-03-06T21:54:35.972+0800","caller":"server/main.go:123","msg":"服务器已优雅关闭"}
{"level":"info","time":"2025-03-06T21:54:39.243+0800","caller":"middleware/logger.go:73","msg":"日志系统初始化成功"}
{"level":"debug","time":"2025-03-06T21:54:39.244+0800","caller":"middleware/logger.go:74","msg":"这是一条调试日志"}
{"level":"warn","time":"2025-03-06T21:54:39.244+0800","caller":"middleware/logger.go:75","msg":"这是一条警告日志"}
{"level":"debug","time":"2025-03-06T21:54:39.388+0800","caller":"middleware/cors.go:26","msg":"CORS中间件","method":"GET","path":"/","origin":"http://localhost:8080"}
{"level":"info","time":"2025-03-06T21:54:39.647+0800","caller":"server/main.go:115","msg":"正在关闭服务器..."}
{"level":"info","time":"2025-03-06T21:54:39.648+0800","caller":"server/main.go:136","msg":"服务器已优雅关闭"}
{"level":"info","time":"2025-03-06T21:54:47.409+0800","caller":"middleware/logger.go:73","msg":"日志系统初始化成功"}
{"level":"debug","time":"2025-03-06T21:54:47.409+0800","caller":"middleware/logger.go:74","msg":"这是一条调试日志"}
{"level":"warn","time":"2025-03-06T21:54:47.409+0800","caller":"middleware/logger.go:75","msg":"这是一条警告日志"}
{"level":"debug","time":"2025-03-06T21:54:48.466+0800","caller":"middleware/cors.go:26","msg":"CORS中间件","method":"GET","path":"/","origin":"http://localhost:8080"}
{"level":"info","time":"2025-03-06T22:02:40.631+0800","caller":"server/main.go:115","msg":"正在关闭服务器..."}
{"level":"info","time":"2025-03-06T22:02:40.631+0800","caller":"server/main.go:136","msg":"服务器已优雅关闭"}
{"level":"info","time":"2025-03-07T14:00:28.047+0800","caller":"middleware/logger.go:73","msg":"日志系统初始化成功"}
{"level":"debug","time":"2025-03-07T14:00:28.049+0800","caller":"middleware/logger.go:74","msg":"这是一条调试日志"}
{"level":"warn","time":"2025-03-07T14:00:28.049+0800","caller":"middleware/logger.go:75","msg":"这是一条警告日志"}
{"level":"info","time":"2025-03-07T14:10:28.235+0800","caller":"server/main.go:102","msg":"正在关闭服务器..."}
{"level":"info","time":"2025-03-07T14:10:28.237+0800","caller":"server/main.go:123","msg":"服务器已优雅关闭"}
{"level":"info","time":"2025-03-07T14:10:38.750+0800","caller":"middleware/logger.go:73","msg":"日志系统初始化成功"}
{"level":"debug","time":"2025-03-07T14:10:38.751+0800","caller":"middleware/logger.go:74","msg":"这是一条调试日志"}
{"level":"warn","time":"2025-03-07T14:10:38.751+0800","caller":"middleware/logger.go:75","msg":"这是一条警告日志"}
{"level":"debug","time":"2025-03-07T14:10:43.978+0800","caller":"middleware/cors.go:26","msg":"CORS中间件","method":"GET","path":"/","origin":"http://localhost:8080"}
{"level":"debug","time":"2025-03-07T14:10:54.292+0800","caller":"middleware/cors.go:26","msg":"CORS中间件","method":"GET","path":"/","origin":""}
{"level":"debug","time":"2025-03-07T14:10:54.782+0800","caller":"middleware/cors.go:26","msg":"CORS中间件","method":"GET","path":"/favicon.ico","origin":""}
{"level":"debug","time":"2025-03-07T14:11:02.896+0800","caller":"middleware/cors.go:26","msg":"CORS中间件","method":"GET","path":"/swagger/index.html","origin":""}
{"level":"debug","time":"2025-03-07T14:11:02.910+0800","caller":"middleware/cors.go:26","msg":"CORS中间件","method":"GET","path":"/swagger/swagger-ui-bundle.js","origin":""}
{"level":"debug","time":"2025-03-07T14:11:02.910+0800","caller":"middleware/cors.go:26","msg":"CORS中间件","method":"GET","path":"/swagger/swagger-ui-standalone-preset.js","origin":""}
{"level":"debug","time":"2025-03-07T14:11:02.910+0800","caller":"middleware/cors.go:26","msg":"CORS中间件","method":"GET","path":"/swagger/swagger-ui.css","origin":""}
{"level":"debug","time":"2025-03-07T14:11:03.182+0800","caller":"middleware/cors.go:26","msg":"CORS中间件","method":"GET","path":"/swagger/doc.json","origin":""}
{"level":"debug","time":"2025-03-07T14:11:03.191+0800","caller":"middleware/cors.go:26","msg":"CORS中间件","method":"GET","path":"/swagger/favicon-32x32.png","origin":""}
{"level":"info","time":"2025-03-07T14:14:15.915+0800","caller":"server/main.go:62","msg":"正在关闭服务器..."}
{"level":"info","time":"2025-03-07T14:14:15.917+0800","caller":"server/main.go:83","msg":"服务器已优雅关闭"}
{"level":"info","time":"2025-03-07T14:21:07.390+0800","caller":"middleware/logger.go:73","msg":"日志系统初始化成功"}
{"level":"debug","time":"2025-03-07T14:21:07.391+0800","caller":"middleware/logger.go:74","msg":"这是一条调试日志"}
{"level":"warn","time":"2025-03-07T14:21:07.391+0800","caller":"middleware/logger.go:75","msg":"这是一条警告日志"}
{"level":"debug","time":"2025-03-07T14:21:08.502+0800","caller":"middleware/cors.go:26","msg":"CORS中间件","method":"GET","path":"/","origin":"http://localhost:8080"}
{"level":"debug","time":"2025-03-07T14:21:11.806+0800","caller":"middleware/cors.go:26","msg":"CORS中间件","method":"GET","path":"/swagger/index.html","origin":""}
{"level":"debug","time":"2025-03-07T14:21:11.815+0800","caller":"middleware/cors.go:26","msg":"CORS中间件","method":"GET","path":"/swagger/swagger-ui-standalone-preset.js","origin":""}
{"level":"debug","time":"2025-03-07T14:21:11.815+0800","caller":"middleware/cors.go:26","msg":"CORS中间件","method":"GET","path":"/swagger/swagger-ui-bundle.js","origin":""}
{"level":"debug","time":"2025-03-07T14:21:11.815+0800","caller":"middleware/cors.go:26","msg":"CORS中间件","method":"GET","path":"/swagger/swagger-ui.css","origin":""}
{"level":"debug","time":"2025-03-07T14:21:12.044+0800","caller":"middleware/cors.go:26","msg":"CORS中间件","method":"GET","path":"/swagger/doc.json","origin":""}
{"level":"debug","time":"2025-03-07T14:21:12.047+0800","caller":"middleware/cors.go:26","msg":"CORS中间件","method":"GET","path":"/swagger/favicon-32x32.png","origin":""}
{"level":"debug","time":"2025-03-07T14:21:13.496+0800","caller":"middleware/cors.go:26","msg":"CORS中间件","method":"GET","path":"/swagger/index.html","origin":""}
{"level":"debug","time":"2025-03-07T14:21:13.518+0800","caller":"middleware/cors.go:26","msg":"CORS中间件","method":"GET","path":"/swagger/swagger-ui.css","origin":""}
{"level":"debug","time":"2025-03-07T14:21:13.520+0800","caller":"middleware/cors.go:26","msg":"CORS中间件","method":"GET","path":"/swagger/swagger-ui-bundle.js","origin":""}
{"level":"debug","time":"2025-03-07T14:21:13.520+0800","caller":"middleware/cors.go:26","msg":"CORS中间件","method":"GET","path":"/swagger/swagger-ui-standalone-preset.js","origin":""}
{"level":"debug","time":"2025-03-07T14:21:13.736+0800","caller":"middleware/cors.go:26","msg":"CORS中间件","method":"GET","path":"/swagger/favicon-32x32.png","origin":""}
{"level":"debug","time":"2025-03-07T14:21:13.736+0800","caller":"middleware/cors.go:26","msg":"CORS中间件","method":"GET","path":"/swagger/doc.json","origin":""}
{"level":"debug","time":"2025-03-07T14:21:14.248+0800","caller":"middleware/cors.go:26","msg":"CORS中间件","method":"GET","path":"/swagger/index.html","origin":""}
{"level":"debug","time":"2025-03-07T14:21:14.269+0800","caller":"middleware/cors.go:26","msg":"CORS中间件","method":"GET","path":"/swagger/swagger-ui.css","origin":""}
{"level":"debug","time":"2025-03-07T14:21:14.269+0800","caller":"middleware/cors.go:26","msg":"CORS中间件","method":"GET","path":"/swagger/swagger-ui-standalone-preset.js","origin":""}
{"level":"debug","time":"2025-03-07T14:21:14.269+0800","caller":"middleware/cors.go:26","msg":"CORS中间件","method":"GET","path":"/swagger/swagger-ui-bundle.js","origin":""}
{"level":"debug","time":"2025-03-07T14:21:14.465+0800","caller":"middleware/cors.go:26","msg":"CORS中间件","method":"GET","path":"/swagger/index.html","origin":""}
{"level":"debug","time":"2025-03-07T14:21:14.683+0800","caller":"middleware/cors.go:26","msg":"CORS中间件","method":"GET","path":"/swagger/doc.json","origin":""}
{"level":"debug","time":"2025-03-07T14:21:14.685+0800","caller":"middleware/cors.go:26","msg":"CORS中间件","method":"GET","path":"/swagger/favicon-32x32.png","origin":""}
{"level":"debug","time":"2025-03-07T14:21:14.995+0800","caller":"middleware/cors.go:26","msg":"CORS中间件","method":"GET","path":"/swagger/index.html","origin":""}
{"level":"debug","time":"2025-03-07T14:21:15.006+0800","caller":"middleware/cors.go:26","msg":"CORS中间件","method":"GET","path":"/swagger/swagger-ui.css","origin":""}
{"level":"debug","time":"2025-03-07T14:21:15.006+0800","caller":"middleware/cors.go:26","msg":"CORS中间件","method":"GET","path":"/swagger/swagger-ui-standalone-preset.js","origin":""}
{"level":"debug","time":"2025-03-07T14:21:15.006+0800","caller":"middleware/cors.go:26","msg":"CORS中间件","method":"GET","path":"/swagger/swagger-ui-bundle.js","origin":""}
{"level":"debug","time":"2025-03-07T14:21:15.171+0800","caller":"middleware/cors.go:26","msg":"CORS中间件","method":"GET","path":"/swagger/doc.json","origin":""}
{"level":"debug","time":"2025-03-07T14:21:15.207+0800","caller":"middleware/cors.go:26","msg":"CORS中间件","method":"GET","path":"/swagger/favicon-32x32.png","origin":""}
{"level":"debug","time":"2025-03-07T14:21:15.599+0800","caller":"middleware/cors.go:26","msg":"CORS中间件","method":"GET","path":"/swagger/index.html","origin":""}
{"level":"debug","time":"2025-03-07T14:21:15.818+0800","caller":"middleware/cors.go:26","msg":"CORS中间件","method":"GET","path":"/swagger/doc.json","origin":""}
{"level":"debug","time":"2025-03-07T14:21:15.820+0800","caller":"middleware/cors.go:26","msg":"CORS中间件","method":"GET","path":"/swagger/favicon-32x32.png","origin":""}
{"level":"debug","time":"2025-03-07T14:21:36.814+0800","caller":"middleware/cors.go:26","msg":"CORS中间件","method":"GET","path":"/swagger/index.html","origin":""}
{"level":"debug","time":"2025-03-07T14:21:36.828+0800","caller":"middleware/cors.go:26","msg":"CORS中间件","method":"GET","path":"/swagger/swagger-ui.css","origin":""}
{"level":"debug","time":"2025-03-07T14:21:36.828+0800","caller":"middleware/cors.go:26","msg":"CORS中间件","method":"GET","path":"/swagger/swagger-ui-standalone-preset.js","origin":""}
{"level":"debug","time":"2025-03-07T14:21:36.828+0800","caller":"middleware/cors.go:26","msg":"CORS中间件","method":"GET","path":"/swagger/swagger-ui-bundle.js","origin":""}
{"level":"debug","time":"2025-03-07T14:21:37.035+0800","caller":"middleware/cors.go:26","msg":"CORS中间件","method":"GET","path":"/swagger/doc.json","origin":""}
{"level":"debug","time":"2025-03-07T14:21:37.037+0800","caller":"middleware/cors.go:26","msg":"CORS中间件","method":"GET","path":"/swagger/favicon-32x32.png","origin":""}
{"level":"info","time":"2025-03-07T14:21:39.030+0800","caller":"server/main.go:62","msg":"正在关闭服务器..."}
{"level":"info","time":"2025-03-07T14:21:39.030+0800","caller":"server/main.go:83","msg":"服务器已优雅关闭"}
{"level":"info","time":"2025-03-07T14:21:40.220+0800","caller":"middleware/logger.go:73","msg":"日志系统初始化成功"}
{"level":"debug","time":"2025-03-07T14:21:40.220+0800","caller":"middleware/logger.go:74","msg":"这是一条调试日志"}
{"level":"warn","time":"2025-03-07T14:21:40.220+0800","caller":"middleware/logger.go:75","msg":"这是一条警告日志"}
{"level":"debug","time":"2025-03-07T14:21:41.450+0800","caller":"middleware/cors.go:26","msg":"CORS中间件","method":"GET","path":"/","origin":"http://localhost:8080"}
{"level":"debug","time":"2025-03-07T14:21:41.873+0800","caller":"middleware/cors.go:26","msg":"CORS中间件","method":"GET","path":"/swagger/index.html","origin":""}
{"level":"debug","time":"2025-03-07T14:21:41.903+0800","caller":"middleware/cors.go:26","msg":"CORS中间件","method":"GET","path":"/swagger/swagger-ui-bundle.js","origin":""}
{"level":"debug","time":"2025-03-07T14:21:41.904+0800","caller":"middleware/cors.go:26","msg":"CORS中间件","method":"GET","path":"/swagger/swagger-ui-standalone-preset.js","origin":""}
{"level":"debug","time":"2025-03-07T14:21:41.904+0800","caller":"middleware/cors.go:26","msg":"CORS中间件","method":"GET","path":"/swagger/swagger-ui.css","origin":""}
{"level":"debug","time":"2025-03-07T14:21:42.072+0800","caller":"middleware/cors.go:26","msg":"CORS中间件","method":"GET","path":"/swagger/doc.json","origin":""}
{"level":"debug","time":"2025-03-07T14:21:42.108+0800","caller":"middleware/cors.go:26","msg":"CORS中间件","method":"GET","path":"/swagger/favicon-32x32.png","origin":""}
{"level":"debug","time":"2025-03-07T14:21:42.592+0800","caller":"middleware/cors.go:26","msg":"CORS中间件","method":"GET","path":"/swagger/index.html","origin":""}
{"level":"debug","time":"2025-03-07T14:21:42.611+0800","caller":"middleware/cors.go:26","msg":"CORS中间件","method":"GET","path":"/swagger/swagger-ui.css","origin":""}
{"level":"debug","time":"2025-03-07T14:21:42.611+0800","caller":"middleware/cors.go:26","msg":"CORS中间件","method":"GET","path":"/swagger/swagger-ui-bundle.js","origin":""}
{"level":"debug","time":"2025-03-07T14:21:42.611+0800","caller":"middleware/cors.go:26","msg":"CORS中间件","method":"GET","path":"/swagger/swagger-ui-standalone-preset.js","origin":""}
{"level":"debug","time":"2025-03-07T14:21:42.758+0800","caller":"middleware/cors.go:26","msg":"CORS中间件","method":"GET","path":"/swagger/index.html","origin":""}
{"level":"debug","time":"2025-03-07T14:21:42.777+0800","caller":"middleware/cors.go:26","msg":"CORS中间件","method":"GET","path":"/swagger/swagger-ui.css","origin":""}
{"level":"debug","time":"2025-03-07T14:21:42.777+0800","caller":"middleware/cors.go:26","msg":"CORS中间件","method":"GET","path":"/swagger/swagger-ui-bundle.js","origin":""}
{"level":"debug","time":"2025-03-07T14:21:42.777+0800","caller":"middleware/cors.go:26","msg":"CORS中间件","method":"GET","path":"/swagger/swagger-ui-standalone-preset.js","origin":""}
{"level":"debug","time":"2025-03-07T14:21:42.986+0800","caller":"middleware/cors.go:26","msg":"CORS中间件","method":"GET","path":"/swagger/doc.json","origin":""}
{"level":"debug","time":"2025-03-07T14:21:42.988+0800","caller":"middleware/cors.go:26","msg":"CORS中间件","method":"GET","path":"/swagger/favicon-32x32.png","origin":""}
{"level":"info","time":"2025-03-07T14:21:44.923+0800","caller":"server/main.go:62","msg":"正在关闭服务器..."}
{"level":"info","time":"2025-03-07T14:21:44.925+0800","caller":"server/main.go:83","msg":"服务器已优雅关闭"}
{"level":"info","time":"2025-03-07T14:31:12.068+0800","caller":"middleware/logger.go:73","msg":"日志系统初始化成功"}
{"level":"debug","time":"2025-03-07T14:31:12.069+0800","caller":"middleware/logger.go:74","msg":"这是一条调试日志"}
{"level":"warn","time":"2025-03-07T14:31:12.069+0800","caller":"middleware/logger.go:75","msg":"这是一条警告日志"}
{"level":"debug","time":"2025-03-07T14:31:12.844+0800","caller":"middleware/cors.go:26","msg":"CORS中间件","method":"GET","path":"/","origin":"http://localhost:8080"}
{"level":"debug","time":"2025-03-07T14:31:15.516+0800","caller":"middleware/cors.go:26","msg":"CORS中间件","method":"GET","path":"/swagger/index.html","origin":""}
{"level":"debug","time":"2025-03-07T14:31:15.541+0800","caller":"middleware/cors.go:26","msg":"CORS中间件","method":"GET","path":"/swagger/swagger-ui.css","origin":""}
{"level":"debug","time":"2025-03-07T14:31:15.541+0800","caller":"middleware/cors.go:26","msg":"CORS中间件","method":"GET","path":"/swagger/swagger-ui-standalone-preset.js","origin":""}
{"level":"debug","time":"2025-03-07T14:31:15.542+0800","caller":"middleware/cors.go:26","msg":"CORS中间件","method":"GET","path":"/swagger/swagger-ui-bundle.js","origin":""}
{"level":"debug","time":"2025-03-07T14:31:15.758+0800","caller":"middleware/cors.go:26","msg":"CORS中间件","method":"GET","path":"/swagger/doc.json","origin":""}
{"level":"debug","time":"2025-03-07T14:31:15.761+0800","caller":"middleware/cors.go:26","msg":"CORS中间件","method":"GET","path":"/swagger/favicon-32x32.png","origin":""}
{"level":"debug","time":"2025-03-07T14:31:38.554+0800","caller":"middleware/cors.go:26","msg":"CORS中间件","method":"POST","path":"/api/api/login","origin":"http://localhost:8080"}
{"level":"info","time":"2025-03-07T14:33:38.374+0800","caller":"server/main.go:62","msg":"正在关闭服务器..."}
{"level":"info","time":"2025-03-07T14:33:38.375+0800","caller":"server/main.go:83","msg":"服务器已优雅关闭"}
{"level":"info","time":"2025-03-07T14:34:11.383+0800","caller":"middleware/logger.go:73","msg":"日志系统初始化成功"}
{"level":"debug","time":"2025-03-07T14:34:11.384+0800","caller":"middleware/logger.go:74","msg":"这是一条调试日志"}
{"level":"warn","time":"2025-03-07T14:34:11.384+0800","caller":"middleware/logger.go:75","msg":"这是一条警告日志"}
{"level":"debug","time":"2025-03-07T14:34:11.642+0800","caller":"middleware/cors.go:26","msg":"CORS中间件","method":"GET","path":"/","origin":"http://localhost:8080"}
{"level":"debug","time":"2025-03-07T14:34:13.625+0800","caller":"middleware/cors.go:26","msg":"CORS中间件","method":"GET","path":"/swagger/index.html","origin":""}
{"level":"debug","time":"2025-03-07T14:34:13.638+0800","caller":"middleware/cors.go:26","msg":"CORS中间件","method":"GET","path":"/swagger/swagger-ui.css","origin":""}
{"level":"debug","time":"2025-03-07T14:34:13.639+0800","caller":"middleware/cors.go:26","msg":"CORS中间件","method":"GET","path":"/swagger/swagger-ui-bundle.js","origin":""}
{"level":"debug","time":"2025-03-07T14:34:13.640+0800","caller":"middleware/cors.go:26","msg":"CORS中间件","method":"GET","path":"/swagger/swagger-ui-standalone-preset.js","origin":""}
{"level":"debug","time":"2025-03-07T14:34:14.109+0800","caller":"middleware/cors.go:26","msg":"CORS中间件","method":"GET","path":"/swagger/doc.json","origin":""}
{"level":"debug","time":"2025-03-07T14:34:14.111+0800","caller":"middleware/cors.go:26","msg":"CORS中间件","method":"GET","path":"/swagger/favicon-32x32.png","origin":""}
{"level":"debug","time":"2025-03-07T14:34:25.261+0800","caller":"middleware/cors.go:26","msg":"CORS中间件","method":"POST","path":"/api/api/login","origin":"http://localhost:8080"}
{"level":"info","time":"2025-03-07T14:35:04.937+0800","caller":"server/main.go:62","msg":"正在关闭服务器..."}
{"level":"info","time":"2025-03-07T14:35:04.939+0800","caller":"server/main.go:83","msg":"服务器已优雅关闭"}
{"level":"info","time":"2025-03-07T14:35:09.510+0800","caller":"middleware/logger.go:73","msg":"日志系统初始化成功"}
{"level":"debug","time":"2025-03-07T14:35:09.510+0800","caller":"middleware/logger.go:74","msg":"这是一条调试日志"}
{"level":"warn","time":"2025-03-07T14:35:09.510+0800","caller":"middleware/logger.go:75","msg":"这是一条警告日志"}
{"level":"debug","time":"2025-03-07T14:35:10.020+0800","caller":"middleware/cors.go:26","msg":"CORS中间件","method":"GET","path":"/","origin":"http://localhost:8080"}
{"level":"debug","time":"2025-03-07T14:35:12.015+0800","caller":"middleware/cors.go:26","msg":"CORS中间件","method":"GET","path":"/swagger/index.html","origin":""}
{"level":"debug","time":"2025-03-07T14:35:12.030+0800","caller":"middleware/cors.go:26","msg":"CORS中间件","method":"GET","path":"/swagger/swagger-ui.css","origin":""}
{"level":"debug","time":"2025-03-07T14:35:12.030+0800","caller":"middleware/cors.go:26","msg":"CORS中间件","method":"GET","path":"/swagger/swagger-ui-bundle.js","origin":""}
{"level":"debug","time":"2025-03-07T14:35:12.032+0800","caller":"middleware/cors.go:26","msg":"CORS中间件","method":"GET","path":"/swagger/swagger-ui-standalone-preset.js","origin":""}
{"level":"debug","time":"2025-03-07T14:35:12.264+0800","caller":"middleware/cors.go:26","msg":"CORS中间件","method":"GET","path":"/swagger/doc.json","origin":""}
{"level":"debug","time":"2025-03-07T14:35:12.266+0800","caller":"middleware/cors.go:26","msg":"CORS中间件","method":"GET","path":"/swagger/favicon-32x32.png","origin":""}
{"level":"debug","time":"2025-03-07T14:35:19.560+0800","caller":"middleware/cors.go:26","msg":"CORS中间件","method":"POST","path":"/api/login","origin":"http://localhost:8080"}
{"level":"info","time":"2025-03-07T14:35:19.561+0800","caller":"service/user_service.go:36","msg":"用户尝试登录","username":"admin"}
{"level":"warn","time":"2025-03-07T14:35:19.649+0800","caller":"service/user_service.go:49","msg":"密码错误","username":"admin"}
{"level":"error","time":"2025-03-07T14:35:19.649+0800","caller":"api/user_handler.go:35","msg":"登录失败","username":"admin","error":"密码错误"}
{"level":"debug","time":"2025-03-07T14:35:27.766+0800","caller":"middleware/cors.go:26","msg":"CORS中间件","method":"POST","path":"/api/login","origin":"http://localhost:8080"}
{"level":"info","time":"2025-03-07T14:35:27.766+0800","caller":"service/user_service.go:36","msg":"用户尝试登录","username":"admin"}
{"level":"info","time":"2025-03-07T14:35:27.850+0800","caller":"middleware/jwt.go:48","msg":"生成token成功","userID":1,"username":"admin"}
{"level":"info","time":"2025-03-07T14:35:27.850+0800","caller":"service/user_service.go:63","msg":"用户登录成功","username":"admin","role":"admin"}
{"level":"info","time":"2025-03-07T14:35:27.850+0800","caller":"api/user_handler.go:42","msg":"登录成功","username":"admin"}
{"level":"info","time":"2025-03-07T14:40:04.779+0800","caller":"server/main.go:62","msg":"正在关闭服务器..."}
{"level":"info","time":"2025-03-07T14:40:04.780+0800","caller":"server/main.go:83","msg":"服务器已优雅关闭"}
